[35m[1mConsolidate compiler generated dependencies of target bt_uav_controller[0m
[ 50%] [32mBuilding CXX object CMakeFiles/bt_uav_controller.dir/src/bt_uav_controller.cpp.o[0m
[01m[K/home/imamalghifary/ws_sensor_combined/src/bt_uav_controller/src/bt_uav_controller.cpp:[m[K In function â€˜[01m[Kint main(int, char**)[m[Kâ€™:
[01m[K/home/imamalghifary/ws_sensor_combined/src/bt_uav_controller/src/bt_uav_controller.cpp:179:23:[m[K [01;31m[Kerror: [m[Kâ€˜[01m[KregisterNodes[m[Kâ€™ is not a member of â€˜[01m[Knav2_behavior_tree[m[Kâ€™
  179 |   nav2_behavior_tree::[01;31m[KregisterNodes[m[K(factory);
      |                       [01;31m[K^~~~~~~~~~~~~[m[K
gmake[2]: *** [CMakeFiles/bt_uav_controller.dir/build.make:76: CMakeFiles/bt_uav_controller.dir/src/bt_uav_controller.cpp.o] Error 1
gmake[1]: *** [CMakeFiles/Makefile2:137: CMakeFiles/bt_uav_controller.dir/all] Error 2
gmake: *** [Makefile:146: all] Error 2
