[0.032s] Invoking command in '/home/imamalghifary/ws_sensor_combined/build/px4_msgs': CMAKE_PREFIX_PATH=${CMAKE_PREFIX_PATH}:/home/imamalghifary/ws_sensor_combined/install/x500_navigation:/home/imamalghifary/ws_sensor_combined/install/x500_bridge:/home/imamalghifary/ws_sensor_combined/install/px4_offboard:/opt/ros/humble /usr/bin/cmake --build /home/imamalghifary/ws_sensor_combined/build/px4_msgs -- -j22 -l22
[0.934s] [  0%] Built target ament_cmake_python_symlink_px4_msgs
[0.937s] gmake[1]: *** [CMakeFiles/Makefile2:265: CMakeFiles/px4_msgs__cpp.dir/all] Interrupt
[0.937s] gmake[1]: *** [CMakeFiles/Makefile2:446: CMakeFiles/ament_cmake_python_build_px4_msgs_egg.dir/all] Interrupt
[0.937s] gmake[2]: *** [CMakeFiles/px4_msgs__rosidl_generator_c.dir/build.make:8841: CMakeFiles/px4_msgs__rosidl_generator_c.dir/depend] Interrupt
[0.938s] gmake[1]: *** [CMakeFiles/Makefile2:212: CMakeFiles/px4_msgs__rosidl_generator_c.dir/all] Interrupt
[0.938s] gmake: *** [Makefile:146: all] Interrupt
[0.942s] Invoked command in '/home/imamalghifary/ws_sensor_combined/build/px4_msgs' returned '-2': CMAKE_PREFIX_PATH=${CMAKE_PREFIX_PATH}:/home/imamalghifary/ws_sensor_combined/install/x500_navigation:/home/imamalghifary/ws_sensor_combined/install/x500_bridge:/home/imamalghifary/ws_sensor_combined/install/px4_offboard:/opt/ros/humble /usr/bin/cmake --build /home/imamalghifary/ws_sensor_combined/build/px4_msgs -- -j22 -l22
