-- Found ament_cmake: 1.3.12 (/opt/ros/humble/share/ament_cmake/cmake)
-- Found rclcpp: 16.0.15 (/opt/ros/humble/share/rclcpp/cmake)
-- Found rosidl_generator_c: 3.1.7 (/opt/ros/humble/share/rosidl_generator_c/cmake)
-- Found rosidl_adapter: 3.1.7 (/opt/ros/humble/share/rosidl_adapter/cmake)
-- Found rosidl_generator_cpp: 3.1.7 (/opt/ros/humble/share/rosidl_generator_cpp/cmake)
-- Using all available rosidl_typesupport_c: rosidl_typesupport_fastrtps_c;rosidl_typesupport_introspection_c
-- Using all available rosidl_typesupport_cpp: rosidl_typesupport_fastrtps_cpp;rosidl_typesupport_introspection_cpp
-- Found rmw_implementation_cmake: 6.1.2 (/opt/ros/humble/share/rmw_implementation_cmake/cmake)
-- Found rmw_fastrtps_cpp: 6.2.8 (/opt/ros/humble/share/rmw_fastrtps_cpp/cmake)
-- Using RMW implementation 'rmw_fastrtps_cpp' as default
-- Found nav2_behavior_tree: 1.1.19 (/opt/ros/humble/share/nav2_behavior_tree/cmake)
-- Found eigen3_cmake_module: 0.1.1 (/opt/ros/humble/share/eigen3_cmake_module/cmake)
-- Ensuring Eigen3 include directory is part of orocos-kdl CMake target
-- Found px4_msgs: 2.0.1 (/home/imamalghifary/ws_sensor_combined/install/px4_msgs/share/px4_msgs/cmake)
-- Found ament_lint_auto: 0.12.14 (/opt/ros/humble/share/ament_lint_auto/cmake)
-- Added test 'cppcheck' to perform static code analysis on C / C++ code
-- Configured cppcheck include dirs: 
-- Configured cppcheck exclude dirs and/or files: 
-- Added test 'lint_cmake' to check CMake code style
-- Added test 'uncrustify' to check C / C++ code style
-- Configured uncrustify additional arguments: 
-- Added test 'xmllint' to check XML markup files
-- Configuring done
-- Generating done
-- Build files have been written to: /home/imamalghifary/ws_sensor_combined/build/bt_uav_controller
[ 50%] [32mBuilding CXX object CMakeFiles/bt_uav_controller.dir/src/bt_uav_controller.cpp.o[0m
[01m[K/home/imamalghifary/ws_sensor_combined/src/bt_uav_controller/src/bt_uav_controller.cpp:[m[K In function â€˜[01m[Kint main(int, char**)[m[Kâ€™:
[01m[K/home/imamalghifary/ws_sensor_combined/src/bt_uav_controller/src/bt_uav_controller.cpp:178:23:[m[K [01;31m[Kerror: [m[Kâ€˜[01m[KRegisterNodes[m[Kâ€™ is not a member of â€˜[01m[Knav2_behavior_tree[m[Kâ€™
  178 |   nav2_behavior_tree::[01;31m[KRegisterNodes[m[K(factory);
      |                       [01;31m[K^~~~~~~~~~~~~[m[K
[01m[K/home/imamalghifary/ws_sensor_combined/src/bt_uav_controller/src/bt_uav_controller.cpp:180:52:[m[K [01;31m[Kerror: [m[Kcannot convert â€˜[01m[Kshared_ptr<[01;32m[Krclcpp::Node[m[K>[m[Kâ€™ to â€˜[01m[Kshared_ptr<[01;32m[KBT::Blackboard[m[K>[m[Kâ€™
  180 | o tree = factory.createTreeFromText(xml_tree, [01;31m[Knode[m[K);
      |                                               [01;31m[K^~~~[m[K
      |                                               [01;31m[K|[m[K
      |                                               [01;31m[Kshared_ptr<rclcpp::Node>[m[K

In file included from [01m[K/home/imamalghifary/ws_sensor_combined/src/bt_uav_controller/src/bt_uav_controller.cpp:3[m[K:
[01m[K/opt/ros/humble/include/behaviortree_cpp_v3/bt_factory.h:476:43:[m[K [01;36m[Knote: [m[K  initializing argument 2 of â€˜[01m[KBT::Tree BT::BehaviorTreeFactory::createTreeFromText(const string&, BT::Blackboard::Ptr)[m[Kâ€™
  476 |                          [01;36m[KBlackboard::Ptr blackboard = Blackboard::create()[m[K);
      |                          [01;36m[K~~~~~~~~~~~~~~~~^~~~~~~~~~~~~~~~~~~~~~~~~~~~~~~~~[m[K

gmake[2]: *** [CMakeFiles/bt_uav_controller.dir/build.make:76: CMakeFiles/bt_uav_controller.dir/src/bt_uav_controller.cpp.o] Error 1
gmake[1]: *** [CMakeFiles/Makefile2:137: CMakeFiles/bt_uav_controller.dir/all] Error 2
gmake: *** [Makefile:146: all] Error 2
