[0.017s] Invoking command in '/home/imamalghifary/ws_sensor_combined/build/bt_uav_controller': CMAKE_PREFIX_PATH=${CMAKE_PREFIX_PATH}:/home/imamalghifary/ws_sensor_combined/install/x500_navigation:/home/imamalghifary/ws_sensor_combined/install/x500_bridge:/home/imamalghifary/ws_sensor_combined/install/px4_offboard:/opt/ros/humble /usr/bin/cmake /home/imamalghifary/ws_sensor_combined/src/bt_uav_controller -DCMAKE_INSTALL_PREFIX=/home/imamalghifary/ws_sensor_combined/install/bt_uav_controller
[0.031s] -- Found ament_cmake: 1.3.12 (/opt/ros/humble/share/ament_cmake/cmake)
[0.180s] -- Found rclcpp: 16.0.15 (/opt/ros/humble/share/rclcpp/cmake)
[0.216s] -- Found rosidl_generator_c: 3.1.7 (/opt/ros/humble/share/rosidl_generator_c/cmake)
[0.219s] -- Found rosidl_adapter: 3.1.7 (/opt/ros/humble/share/rosidl_adapter/cmake)
[0.226s] -- Found rosidl_generator_cpp: 3.1.7 (/opt/ros/humble/share/rosidl_generator_cpp/cmake)
[0.235s] -- Using all available rosidl_typesupport_c: rosidl_typesupport_fastrtps_c;rosidl_typesupport_introspection_c
[0.250s] -- Using all available rosidl_typesupport_cpp: rosidl_typesupport_fastrtps_cpp;rosidl_typesupport_introspection_cpp
[0.292s] -- Found rmw_implementation_cmake: 6.1.2 (/opt/ros/humble/share/rmw_implementation_cmake/cmake)
[0.294s] -- Found rmw_fastrtps_cpp: 6.2.8 (/opt/ros/humble/share/rmw_fastrtps_cpp/cmake)
[0.439s] -- Using RMW implementation 'rmw_fastrtps_cpp' as default
[0.505s] -- Found nav2_behavior_tree: 1.1.19 (/opt/ros/humble/share/nav2_behavior_tree/cmake)
[0.750s] -- Found eigen3_cmake_module: 0.1.1 (/opt/ros/humble/share/eigen3_cmake_module/cmake)
[0.752s] -- Ensuring Eigen3 include directory is part of orocos-kdl CMake target
[0.832s] -- Found px4_msgs: 2.0.1 (/home/imamalghifary/ws_sensor_combined/install/px4_msgs/share/px4_msgs/cmake)
[0.910s] -- Found ament_lint_auto: 0.12.14 (/opt/ros/humble/share/ament_lint_auto/cmake)
[1.186s] -- Added test 'cppcheck' to perform static code analysis on C / C++ code
[1.187s] -- Configured cppcheck include dirs: 
[1.187s] -- Configured cppcheck exclude dirs and/or files: 
[1.188s] -- Added test 'lint_cmake' to check CMake code style
[1.190s] -- Added test 'uncrustify' to check C / C++ code style
[1.190s] -- Configured uncrustify additional arguments: 
[1.191s] -- Added test 'xmllint' to check XML markup files
[1.193s] -- Configuring done
[1.576s] -- Generating done
[1.588s] -- Build files have been written to: /home/imamalghifary/ws_sensor_combined/build/bt_uav_controller
[1.606s] Invoked command in '/home/imamalghifary/ws_sensor_combined/build/bt_uav_controller' returned '0': CMAKE_PREFIX_PATH=${CMAKE_PREFIX_PATH}:/home/imamalghifary/ws_sensor_combined/install/x500_navigation:/home/imamalghifary/ws_sensor_combined/install/x500_bridge:/home/imamalghifary/ws_sensor_combined/install/px4_offboard:/opt/ros/humble /usr/bin/cmake /home/imamalghifary/ws_sensor_combined/src/bt_uav_controller -DCMAKE_INSTALL_PREFIX=/home/imamalghifary/ws_sensor_combined/install/bt_uav_controller
[1.617s] Invoking command in '/home/imamalghifary/ws_sensor_combined/build/bt_uav_controller': CMAKE_PREFIX_PATH=${CMAKE_PREFIX_PATH}:/home/imamalghifary/ws_sensor_combined/install/x500_navigation:/home/imamalghifary/ws_sensor_combined/install/x500_bridge:/home/imamalghifary/ws_sensor_combined/install/px4_offboard:/opt/ros/humble /usr/bin/cmake --build /home/imamalghifary/ws_sensor_combined/build/bt_uav_controller -- -j22 -l22
[1.706s] [ 50%] [32mBuilding CXX object CMakeFiles/bt_uav_controller.dir/src/bt_uav_controller.cpp.o[0m
[10.552s] [01m[K/home/imamalghifary/ws_sensor_combined/src/bt_uav_controller/src/bt_uav_controller.cpp:[m[K In function â€˜[01m[Kint main(int, char**)[m[Kâ€™:
[10.552s] [01m[K/home/imamalghifary/ws_sensor_combined/src/bt_uav_controller/src/bt_uav_controller.cpp:178:23:[m[K [01;31m[Kerror: [m[Kâ€˜[01m[KRegisterNodes[m[Kâ€™ is not a member of â€˜[01m[Knav2_behavior_tree[m[Kâ€™
[10.552s]   178 |   nav2_behavior_tree::[01;31m[KRegisterNodes[m[K(factory);
[10.552s]       |                       [01;31m[K^~~~~~~~~~~~~[m[K
[10.552s] [01m[K/home/imamalghifary/ws_sensor_combined/src/bt_uav_controller/src/bt_uav_controller.cpp:180:52:[m[K [01;31m[Kerror: [m[Kcannot convert â€˜[01m[Kshared_ptr<[01;32m[Krclcpp::Node[m[K>[m[Kâ€™ to â€˜[01m[Kshared_ptr<[01;32m[KBT::Blackboard[m[K>[m[Kâ€™
[10.553s]   180 | o tree = factory.createTreeFromText(xml_tree, [01;31m[Knode[m[K);
[10.553s]       |                                               [01;31m[K^~~~[m[K
[10.553s]       |                                               [01;31m[K|[m[K
[10.553s]       |                                               [01;31m[Kshared_ptr<rclcpp::Node>[m[K
[10.553s] 
[10.553s] In file included from [01m[K/home/imamalghifary/ws_sensor_combined/src/bt_uav_controller/src/bt_uav_controller.cpp:3[m[K:
[10.553s] [01m[K/opt/ros/humble/include/behaviortree_cpp_v3/bt_factory.h:476:43:[m[K [01;36m[Knote: [m[K  initializing argument 2 of â€˜[01m[KBT::Tree BT::BehaviorTreeFactory::createTreeFromText(const string&, BT::Blackboard::Ptr)[m[Kâ€™
[10.553s]   476 |                          [01;36m[KBlackboard::Ptr blackboard = Blackboard::create()[m[K);
[10.553s]       |                          [01;36m[K~~~~~~~~~~~~~~~~^~~~~~~~~~~~~~~~~~~~~~~~~~~~~~~~~[m[K
[10.554s] 
[13.764s] gmake[2]: *** [CMakeFiles/bt_uav_controller.dir/build.make:76: CMakeFiles/bt_uav_controller.dir/src/bt_uav_controller.cpp.o] Error 1
[13.764s] gmake[1]: *** [CMakeFiles/Makefile2:137: CMakeFiles/bt_uav_controller.dir/all] Error 2
[13.764s] gmake: *** [Makefile:146: all] Error 2
[13.768s] Invoked command in '/home/imamalghifary/ws_sensor_combined/build/bt_uav_controller' returned '2': CMAKE_PREFIX_PATH=${CMAKE_PREFIX_PATH}:/home/imamalghifary/ws_sensor_combined/install/x500_navigation:/home/imamalghifary/ws_sensor_combined/install/x500_bridge:/home/imamalghifary/ws_sensor_combined/install/px4_offboard:/opt/ros/humble /usr/bin/cmake --build /home/imamalghifary/ws_sensor_combined/build/bt_uav_controller -- -j22 -l22
