[0.017s] Invoking command in '/home/imamalghifary/ws_sensor_combined/build/bt_uav_controller': CMAKE_PREFIX_PATH=${CMAKE_PREFIX_PATH}:/home/imamalghifary/ws_sensor_combined/install/x500_navigation:/home/imamalghifary/ws_sensor_combined/install/x500_bridge:/home/imamalghifary/ws_sensor_combined/install/px4_offboard:/opt/ros/humble /usr/bin/cmake --build /home/imamalghifary/ws_sensor_combined/build/bt_uav_controller -- -j22 -l22
[0.064s] [35m[1mConsolidate compiler generated dependencies of target bt_uav_controller[0m
[0.086s] [ 50%] [32mBuilding CXX object CMakeFiles/bt_uav_controller.dir/src/bt_uav_controller.cpp.o[0m
[4.645s] [01m[K/home/imamalghifary/ws_sensor_combined/src/bt_uav_controller/src/bt_uav_controller.cpp:138:39:[m[K [01;31m[Kerror: [m[Kâ€˜[01m[KVehicleStatus[m[Kâ€™ is not a member of â€˜[01m[Kpx4_msgs::msg[m[Kâ€™
[4.645s]   138 |   rclcpp::Subscription<px4_msgs::msg::[01;31m[KVehicleStatus[m[K>::SharedPtr sub_;
[4.645s]       |                                       [01;31m[K^~~~~~~~~~~~~[m[K
[4.645s] [01m[K/home/imamalghifary/ws_sensor_combined/src/bt_uav_controller/src/bt_uav_controller.cpp:138:52:[m[K [01;31m[Kerror: [m[Ktemplate argument 1 is invalid
[4.646s]   138 | Subscription<px4_msgs::msg::VehicleStatus[01;31m[K>[m[K::SharedPtr sub_;
[4.646s]       |                                          [01;31m[K^[m[K
[4.646s] 
[4.646s] [01m[K/home/imamalghifary/ws_sensor_combined/src/bt_uav_controller/src/bt_uav_controller.cpp:138:52:[m[K [01;31m[Kerror: [m[Ktemplate argument 3 is invalid
[4.646s] [01m[K/home/imamalghifary/ws_sensor_combined/src/bt_uav_controller/src/bt_uav_controller.cpp:138:52:[m[K [01;31m[Kerror: [m[Ktemplate argument 4 is invalid
[4.646s] [01m[K/home/imamalghifary/ws_sensor_combined/src/bt_uav_controller/src/bt_uav_controller.cpp:138:52:[m[K [01;31m[Kerror: [m[Ktemplate argument 5 is invalid
[4.647s] [01m[K/home/imamalghifary/ws_sensor_combined/src/bt_uav_controller/src/bt_uav_controller.cpp:138:55:[m[K [01;31m[Kerror: [m[Kexpected â€˜[01m[K;[m[Kâ€™ at end of member declaration
[4.647s]   138 | scription<px4_msgs::msg::VehicleStatus>::[01;31m[KSharedPtr[m[K sub_;
[4.647s]       |                                          [01;31m[K^~~~~~~~~[m[K
[4.647s]       |                                                   [32m[K;[m[K
[4.647s] [01m[K/home/imamalghifary/ws_sensor_combined/src/bt_uav_controller/src/bt_uav_controller.cpp:138:65:[m[K [01;31m[Kerror: [m[Kâ€˜[01m[Ksub_[m[Kâ€™ does not name a type
[4.648s]   138 | ption<px4_msgs::msg::VehicleStatus>::SharedPtr [01;31m[Ksub_[m[K;
[4.648s]       |                                                [01;31m[K^~~~[m[K
[4.648s] 
[4.658s] [01m[K/home/imamalghifary/ws_sensor_combined/src/bt_uav_controller/src/bt_uav_controller.cpp:[m[K In constructor â€˜[01m[KIsOffboardMode::IsOffboardMode(const string&, const BT::NodeConfiguration&)[m[Kâ€™:
[4.658s] [01m[K/home/imamalghifary/ws_sensor_combined/src/bt_uav_controller/src/bt_uav_controller.cpp:116:5:[m[K [01;31m[Kerror: [m[Kâ€˜[01m[Ksub_[m[Kâ€™ was not declared in this scope
[4.658s]   116 |     [01;31m[Ksub_[m[K = node_->create_subscription<px4_msgs::msg::VehicleStatus>(
[4.658s]       |     [01;31m[K^~~~[m[K
[4.660s] [01m[K/home/imamalghifary/ws_sensor_combined/src/bt_uav_controller/src/bt_uav_controller.cpp:116:54:[m[K [01;31m[Kerror: [m[Kâ€˜[01m[KVehicleStatus[m[Kâ€™ is not a member of â€˜[01m[Kpx4_msgs::msg[m[Kâ€™
[4.660s]   116 | ode_->create_subscription<px4_msgs::msg::[01;31m[KVehicleStatus[m[K>(
[4.660s]       |                                          [01;31m[K^~~~~~~~~~~~~[m[K
[4.660s] 
[4.660s] [01m[K/home/imamalghifary/ws_sensor_combined/src/bt_uav_controller/src/bt_uav_controller.cpp:118:35:[m[K [01;31m[Kerror: [m[Kâ€˜[01m[KVehicleStatus[m[Kâ€™ in namespace â€˜[01m[Kpx4_msgs::msg[m[Kâ€™ does not name a type
[4.660s]   118 |       [this](const px4_msgs::msg::[01;31m[KVehicleStatus[m[K::SharedPtr msg) {
[4.660s]       |                                   [01;31m[K^~~~~~~~~~~~~[m[K
[4.660s] [01m[K/home/imamalghifary/ws_sensor_combined/src/bt_uav_controller/src/bt_uav_controller.cpp:[m[K In lambda function:
[4.661s] [01m[K/home/imamalghifary/ws_sensor_combined/src/bt_uav_controller/src/bt_uav_controller.cpp:120:9:[m[K [01;31m[Kerror: [m[Kexpected â€˜[01m[K{[m[Kâ€™ before â€˜[01m[K;[m[Kâ€™ token
[4.661s]   120 |       })[01;31m[K;[m[K
[4.661s]       |         [01;31m[K^[m[K
[4.661s] [01m[K/home/imamalghifary/ws_sensor_combined/src/bt_uav_controller/src/bt_uav_controller.cpp:[m[K In constructor â€˜[01m[KIsOffboardMode::IsOffboardMode(const string&, const BT::NodeConfiguration&)[m[Kâ€™:
[4.661s] [01m[K/home/imamalghifary/ws_sensor_combined/src/bt_uav_controller/src/bt_uav_controller.cpp:120:9:[m[K [01;31m[Kerror: [m[Kexpected â€˜[01m[K)[m[Kâ€™ before â€˜[01m[K;[m[Kâ€™ token
[4.661s] [01m[K/home/imamalghifary/ws_sensor_combined/src/bt_uav_controller/src/bt_uav_controller.cpp:116:68:[m[K [01;36m[Knote: [m[Kto match this â€˜[01m[K([m[Kâ€™
[4.661s]   116 | ->create_subscription<px4_msgs::msg::VehicleStatus>[01;36m[K([m[K
[4.661s]       |                                                    [01;36m[K^[m[K
[4.662s] 
[9.332s] gmake[2]: *** [CMakeFiles/bt_uav_controller.dir/build.make:76: CMakeFiles/bt_uav_controller.dir/src/bt_uav_controller.cpp.o] Error 1
[9.332s] gmake[1]: *** [CMakeFiles/Makefile2:137: CMakeFiles/bt_uav_controller.dir/all] Error 2
[9.332s] gmake: *** [Makefile:146: all] Error 2
[9.335s] Invoked command in '/home/imamalghifary/ws_sensor_combined/build/bt_uav_controller' returned '2': CMAKE_PREFIX_PATH=${CMAKE_PREFIX_PATH}:/home/imamalghifary/ws_sensor_combined/install/x500_navigation:/home/imamalghifary/ws_sensor_combined/install/x500_bridge:/home/imamalghifary/ws_sensor_combined/install/px4_offboard:/opt/ros/humble /usr/bin/cmake --build /home/imamalghifary/ws_sensor_combined/build/bt_uav_controller -- -j22 -l22
