[0.027s] Invoking command in '/home/imamalghifary/ws_sensor_combined/build/bt_uav_controller': CMAKE_PREFIX_PATH=${CMAKE_PREFIX_PATH}:/home/imamalghifary/ws_sensor_combined/install/x500_navigation:/home/imamalghifary/ws_sensor_combined/install/x500_bridge:/home/imamalghifary/ws_sensor_combined/install/px4_offboard:/opt/ros/humble /usr/bin/cmake --build /home/imamalghifary/ws_sensor_combined/build/bt_uav_controller -- -j22 -l22
[0.085s] [35m[1mConsolidate compiler generated dependencies of target bt_uav_controller[0m
[0.115s] [ 50%] [32mBuilding CXX object CMakeFiles/bt_uav_controller.dir/src/bt_uav_controller.cpp.o[0m
[0.128s] [01m[K/home/imamalghifary/ws_sensor_combined/src/bt_uav_controller/src/bt_uav_controller.cpp:2:9:[m[K [01;35m[Kwarning: [m[K#pragma once in main file
[0.128s]     2 | #pragma [01;35m[Konce[m[K
[0.129s]       |         [01;35m[K^~~~[m[K
[0.470s] [01m[K/home/imamalghifary/ws_sensor_combined/src/bt_uav_controller/src/bt_uav_controller.cpp:10:10:[m[K [01;31m[Kfatal error: [m[Kpx4_state_monitor.hpp: No such file or directory
[0.470s]    10 | #include [01;31m[K"px4_state_monitor.hpp"[m[K
[0.471s]       |          [01;31m[K^~~~~~~~~~~~~~~~~~~~~~~[m[K
[0.471s] compilation terminated.
[0.509s] gmake[2]: *** [CMakeFiles/bt_uav_controller.dir/build.make:76: CMakeFiles/bt_uav_controller.dir/src/bt_uav_controller.cpp.o] Error 1
[0.510s] gmake[1]: *** [CMakeFiles/Makefile2:137: CMakeFiles/bt_uav_controller.dir/all] Error 2
[0.510s] gmake: *** [Makefile:146: all] Error 2
[0.583s] Invoked command in '/home/imamalghifary/ws_sensor_combined/build/bt_uav_controller' returned '2': CMAKE_PREFIX_PATH=${CMAKE_PREFIX_PATH}:/home/imamalghifary/ws_sensor_combined/install/x500_navigation:/home/imamalghifary/ws_sensor_combined/install/x500_bridge:/home/imamalghifary/ws_sensor_combined/install/px4_offboard:/opt/ros/humble /usr/bin/cmake --build /home/imamalghifary/ws_sensor_combined/build/bt_uav_controller -- -j22 -l22
