[0.027s] Invoking command in '/home/imamalghifary/ws_sensor_combined/build/bt_uav_controller': CMAKE_PREFIX_PATH=${CMAKE_PREFIX_PATH}:/home/imamalghifary/ws_sensor_combined/install/x500_navigation:/home/imamalghifary/ws_sensor_combined/install/x500_bridge:/home/imamalghifary/ws_sensor_combined/install/px4_offboard:/opt/ros/humble /usr/bin/cmake --build /home/imamalghifary/ws_sensor_combined/build/bt_uav_controller -- -j22 -l22
[0.091s] [35m[1mConsolidate compiler generated dependencies of target bt_uav_controller[0m
[0.120s] [ 50%] [32mBuilding CXX object CMakeFiles/bt_uav_controller.dir/src/bt_uav_controller.cpp.o[0m
[0.131s] [01m[K/home/imamalghifary/ws_sensor_combined/src/bt_uav_controller/src/bt_uav_controller.cpp:2:9:[m[K [01;35m[Kwarning: [m[K#pragma once in main file
[0.132s]     2 | #pragma [01;35m[Konce[m[K
[0.132s]       |         [01;35m[K^~~~[m[K
[5.620s] [01m[K/home/imamalghifary/ws_sensor_combined/src/bt_uav_controller/src/bt_uav_controller.cpp:61:19:[m[K [01;31m[Kerror: [m[Kâ€˜[01m[KPX4StateMonitor[m[Kâ€™ was not declared in this scope
[5.621s]    61 |   std::shared_ptr<[01;31m[KPX4StateMonitor[m[K> state_monitor_;
[5.621s]       |                   [01;31m[K^~~~~~~~~~~~~~~[m[K
[5.621s] [01m[K/home/imamalghifary/ws_sensor_combined/src/bt_uav_controller/src/bt_uav_controller.cpp:61:34:[m[K [01;31m[Kerror: [m[Ktemplate argument 1 is invalid
[5.621s]    61 |   std::shared_ptr<PX4StateMonitor[01;31m[K>[m[K state_monitor_;
[5.621s]       |                                  [01;31m[K^[m[K
[5.647s] [01m[K/home/imamalghifary/ws_sensor_combined/src/bt_uav_controller/src/bt_uav_controller.cpp:[m[K In constructor â€˜[01m[KArm::Arm(const string&, const BT::NodeConfiguration&)[m[Kâ€™:
[5.647s] [01m[K/home/imamalghifary/ws_sensor_combined/src/bt_uav_controller/src/bt_uav_controller.cpp:24:39:[m[K [01;31m[Kerror: [m[Kâ€˜[01m[KPX4StateMonitor[m[Kâ€™ was not declared in this scope
[5.648s]    24 |     state_monitor_ = std::make_shared<[01;31m[KPX4StateMonitor[m[K>();
[5.648s]       |                                       [01;31m[K^~~~~~~~~~~~~~~[m[K
[5.648s] [01m[K/home/imamalghifary/ws_sensor_combined/src/bt_uav_controller/src/bt_uav_controller.cpp:24:55:[m[K [01;31m[Kerror: [m[Kno matching function for call to â€˜[01m[Kmake_shared<<expression error> >()[m[Kâ€™
[5.648s]    24 | tate_monitor_ = [01;31m[Kstd::make_shared<PX4StateMonitor>()[m[K;
[5.648s]       |                 [01;31m[K~~~~~~~~~~~~~~~~~~~~~~~~~~~~~~~~~^~[m[K
[5.649s] 
[5.649s] In file included from [01m[K/usr/include/c++/11/memory:77[m[K,
[5.650s]                  from [01m[K/opt/ros/humble/include/rclcpp/rclcpp/rclcpp.hpp:153[m[K,
[5.650s]                  from [01m[K/home/imamalghifary/ws_sensor_combined/src/bt_uav_controller/src/bt_uav_controller.cpp:3[m[K:
[5.650s] [01m[K/usr/include/c++/11/bits/shared_ptr.h:875:5:[m[K [01;36m[Knote: [m[Kcandidate: â€˜[01m[Ktemplate<class _Tp, class ... _Args> std::shared_ptr<_Tp> std::make_shared(_Args&& ...)[m[Kâ€™
[5.650s]   875 |     [01;36m[Kmake_shared[m[K(_Args&&... __args)
[5.650s]       |     [01;36m[K^~~~~~~~~~~[m[K
[5.650s] [01m[K/usr/include/c++/11/bits/shared_ptr.h:875:5:[m[K [01;36m[Knote: [m[K  template argument deduction/substitution failed:
[5.651s] [01m[K/home/imamalghifary/ws_sensor_combined/src/bt_uav_controller/src/bt_uav_controller.cpp:24:55:[m[K [01;31m[Kerror: [m[Ktemplate argument 1 is invalid
[5.651s]    24 | tate_monitor_ = [01;31m[Kstd::make_shared<PX4StateMonitor>()[m[K;
[5.651s]       |                 [01;31m[K~~~~~~~~~~~~~~~~~~~~~~~~~~~~~~~~~^~[m[K
[5.651s] 
[5.651s] [01m[K/home/imamalghifary/ws_sensor_combined/src/bt_uav_controller/src/bt_uav_controller.cpp:[m[K In member function â€˜[01m[Kvirtual BT::NodeStatus Arm::onRunning()[m[Kâ€™:
[5.652s] [01m[K/home/imamalghifary/ws_sensor_combined/src/bt_uav_controller/src/bt_uav_controller.cpp:34:22:[m[K [01;31m[Kerror: [m[Kno matching function for call to â€˜[01m[Kspin_some(int&)[m[Kâ€™
[5.652s]    34 |     [01;31m[Krclcpp::spin_some(state_monitor_)[m[K;
[5.652s]       |     [01;31m[K~~~~~~~~~~~~~~~~~^~~~~~~~~~~~~~~~[m[K
[5.652s] In file included from [01m[K/opt/ros/humble/include/rclcpp/rclcpp/rclcpp.hpp:155[m[K,
[5.652s]                  from [01m[K/home/imamalghifary/ws_sensor_combined/src/bt_uav_controller/src/bt_uav_controller.cpp:3[m[K:
[5.653s] [01m[K/opt/ros/humble/include/rclcpp/rclcpp/executors.hpp:35:1:[m[K [01;36m[Knote: [m[Kcandidate: â€˜[01m[Kvoid rclcpp::spin_some(rclcpp::node_interfaces::NodeBaseInterface::SharedPtr)[m[Kâ€™
[5.656s]    35 | [01;36m[Kspin_some[m[K(rclcpp::node_interfaces::NodeBaseInterface::SharedPtr node_ptr);
[5.657s]       | [01;36m[K^~~~~~~~~[m[K
[5.657s] [01m[K/opt/ros/humble/include/rclcpp/rclcpp/executors.hpp:35:65:[m[K [01;36m[Knote: [m[K  no known conversion for argument 1 from â€˜[01m[Kint[m[Kâ€™ to â€˜[01m[Krclcpp::node_interfaces::NodeBaseInterface::SharedPtr[m[Kâ€™ {aka â€˜[01m[Kstd::shared_ptr<rclcpp::node_interfaces::NodeBaseInterface>[m[Kâ€™}
[5.658s]    35 | [01;36m[K_interfaces::NodeBaseInterface::SharedPtr node_ptr[m[K);
[5.659s]       | [01;36m[K~~~~~~~~~~~~~~~~~~~~~~~~~~~~~~~~~~~~~~~~~~^~~~~~~~[m[K
[5.659s] 
[5.659s] [01m[K/opt/ros/humble/include/rclcpp/rclcpp/executors.hpp:39:1:[m[K [01;36m[Knote: [m[Kcandidate: â€˜[01m[Kvoid rclcpp::spin_some(rclcpp::Node::SharedPtr)[m[Kâ€™
[5.659s]    39 | [01;36m[Kspin_some[m[K(rclcpp::Node::SharedPtr node_ptr);
[5.659s]       | [01;36m[K^~~~~~~~~[m[K
[5.659s] [01m[K/opt/ros/humble/include/rclcpp/rclcpp/executors.hpp:39:35:[m[K [01;36m[Knote: [m[K  no known conversion for argument 1 from â€˜[01m[Kint[m[Kâ€™ to â€˜[01m[Krclcpp::Node::SharedPtr[m[Kâ€™ {aka â€˜[01m[Kstd::shared_ptr<rclcpp::Node>[m[Kâ€™}
[5.660s]    39 | spin_some([01;36m[Krclcpp::Node::SharedPtr node_ptr[m[K);
[5.660s]       |           [01;36m[K~~~~~~~~~~~~~~~~~~~~~~~~^~~~~~~~[m[K
[5.660s] [01m[K/home/imamalghifary/ws_sensor_combined/src/bt_uav_controller/src/bt_uav_controller.cpp:35:23:[m[K [01;31m[Kerror: [m[Kbase operand of â€˜[01m[K->[m[Kâ€™ is not a pointer
[5.660s]    35 |     if (state_monitor_[01;31m[K->[m[KisArmed()) {
[5.660s]       |                       [01;31m[K^~[m[K
[5.770s] [01m[K/home/imamalghifary/ws_sensor_combined/src/bt_uav_controller/src/bt_uav_controller.cpp:[m[K At global scope:
[5.770s] [01m[K/home/imamalghifary/ws_sensor_combined/src/bt_uav_controller/src/bt_uav_controller.cpp:138:19:[m[K [01;31m[Kerror: [m[Kâ€˜[01m[KPX4StateMonitor[m[Kâ€™ was not declared in this scope
[5.770s]   138 |   std::shared_ptr<[01;31m[KPX4StateMonitor[m[K> state_monitor_; // âœ… added
[5.771s]       |                   [01;31m[K^~~~~~~~~~~~~~~[m[K
[5.771s] [01m[K/home/imamalghifary/ws_sensor_combined/src/bt_uav_controller/src/bt_uav_controller.cpp:138:34:[m[K [01;31m[Kerror: [m[Ktemplate argument 1 is invalid
[5.771s]   138 |   std::shared_ptr<PX4StateMonitor[01;31m[K>[m[K state_monitor_; // âœ… added
[5.771s]       |                                  [01;31m[K^[m[K
[5.793s] [01m[K/home/imamalghifary/ws_sensor_combined/src/bt_uav_controller/src/bt_uav_controller.cpp:[m[K In constructor â€˜[01m[KTakeOff::TakeOff(const string&, const BT::NodeConfiguration&)[m[Kâ€™:
[5.793s] [01m[K/home/imamalghifary/ws_sensor_combined/src/bt_uav_controller/src/bt_uav_controller.cpp:114:39:[m[K [01;31m[Kerror: [m[Kâ€˜[01m[KPX4StateMonitor[m[Kâ€™ was not declared in this scope
[5.793s]   114 |     state_monitor_ = std::make_shared<[01;31m[KPX4StateMonitor[m[K>();  // âœ… added
[5.795s]       |                                       [01;31m[K^~~~~~~~~~~~~~~[m[K
[5.795s] [01m[K/home/imamalghifary/ws_sensor_combined/src/bt_uav_controller/src/bt_uav_controller.cpp:114:55:[m[K [01;31m[Kerror: [m[Kno matching function for call to â€˜[01m[Kmake_shared<<expression error> >()[m[Kâ€™
[5.795s]   114 | itor_ = [01;31m[Kstd::make_shared<PX4StateMonitor>()[m[K;  // âœ… added
[5.795s]       |         [01;31m[K~~~~~~~~~~~~~~~~~~~~~~~~~~~~~~~~~^~[m[K
[5.796s] 
[5.796s] In file included from [01m[K/usr/include/c++/11/memory:77[m[K,
[5.796s]                  from [01m[K/opt/ros/humble/include/rclcpp/rclcpp/rclcpp.hpp:153[m[K,
[5.796s]                  from [01m[K/home/imamalghifary/ws_sensor_combined/src/bt_uav_controller/src/bt_uav_controller.cpp:3[m[K:
[5.796s] [01m[K/usr/include/c++/11/bits/shared_ptr.h:875:5:[m[K [01;36m[Knote: [m[Kcandidate: â€˜[01m[Ktemplate<class _Tp, class ... _Args> std::shared_ptr<_Tp> std::make_shared(_Args&& ...)[m[Kâ€™
[5.796s]   875 |     [01;36m[Kmake_shared[m[K(_Args&&... __args)
[5.796s]       |     [01;36m[K^~~~~~~~~~~[m[K
[5.796s] [01m[K/usr/include/c++/11/bits/shared_ptr.h:875:5:[m[K [01;36m[Knote: [m[K  template argument deduction/substitution failed:
[5.797s] [01m[K/home/imamalghifary/ws_sensor_combined/src/bt_uav_controller/src/bt_uav_controller.cpp:114:55:[m[K [01;31m[Kerror: [m[Ktemplate argument 1 is invalid
[5.797s]   114 | itor_ = [01;31m[Kstd::make_shared<PX4StateMonitor>()[m[K;  // âœ… added
[5.797s]       |         [01;31m[K~~~~~~~~~~~~~~~~~~~~~~~~~~~~~~~~~^~[m[K
[5.797s] 
[5.797s] [01m[K/home/imamalghifary/ws_sensor_combined/src/bt_uav_controller/src/bt_uav_controller.cpp:[m[K In member function â€˜[01m[Kvirtual BT::NodeStatus TakeOff::onRunning()[m[Kâ€™:
[5.797s] [01m[K/home/imamalghifary/ws_sensor_combined/src/bt_uav_controller/src/bt_uav_controller.cpp:125:22:[m[K [01;31m[Kerror: [m[Kno matching function for call to â€˜[01m[Kspin_some(int&)[m[Kâ€™
[5.797s]   125 |     [01;31m[Krclcpp::spin_some(state_monitor_)[m[K;
[5.798s]       |     [01;31m[K~~~~~~~~~~~~~~~~~^~~~~~~~~~~~~~~~[m[K
[5.798s] In file included from [01m[K/opt/ros/humble/include/rclcpp/rclcpp/rclcpp.hpp:155[m[K,
[5.798s]                  from [01m[K/home/imamalghifary/ws_sensor_combined/src/bt_uav_controller/src/bt_uav_controller.cpp:3[m[K:
[5.798s] [01m[K/opt/ros/humble/include/rclcpp/rclcpp/executors.hpp:35:1:[m[K [01;36m[Knote: [m[Kcandidate: â€˜[01m[Kvoid rclcpp::spin_some(rclcpp::node_interfaces::NodeBaseInterface::SharedPtr)[m[Kâ€™
[5.798s]    35 | [01;36m[Kspin_some[m[K(rclcpp::node_interfaces::NodeBaseInterface::SharedPtr node_ptr);
[5.798s]       | [01;36m[K^~~~~~~~~[m[K
[5.798s] [01m[K/opt/ros/humble/include/rclcpp/rclcpp/executors.hpp:35:65:[m[K [01;36m[Knote: [m[K  no known conversion for argument 1 from â€˜[01m[Kint[m[Kâ€™ to â€˜[01m[Krclcpp::node_interfaces::NodeBaseInterface::SharedPtr[m[Kâ€™ {aka â€˜[01m[Kstd::shared_ptr<rclcpp::node_interfaces::NodeBaseInterface>[m[Kâ€™}
[5.799s]    35 | [01;36m[K_interfaces::NodeBaseInterface::SharedPtr node_ptr[m[K);
[5.800s]       | [01;36m[K~~~~~~~~~~~~~~~~~~~~~~~~~~~~~~~~~~~~~~~~~~^~~~~~~~[m[K
[5.800s] 
[5.801s] [01m[K/opt/ros/humble/include/rclcpp/rclcpp/executors.hpp:39:1:[m[K [01;36m[Knote: [m[Kcandidate: â€˜[01m[Kvoid rclcpp::spin_some(rclcpp::Node::SharedPtr)[m[Kâ€™
[5.801s]    39 | [01;36m[Kspin_some[m[K(rclcpp::Node::SharedPtr node_ptr);
[5.801s]       | [01;36m[K^~~~~~~~~[m[K
[5.801s] [01m[K/opt/ros/humble/include/rclcpp/rclcpp/executors.hpp:39:35:[m[K [01;36m[Knote: [m[K  no known conversion for argument 1 from â€˜[01m[Kint[m[Kâ€™ to â€˜[01m[Krclcpp::Node::SharedPtr[m[Kâ€™ {aka â€˜[01m[Kstd::shared_ptr<rclcpp::Node>[m[Kâ€™}
[5.802s]    39 | spin_some([01;36m[Krclcpp::Node::SharedPtr node_ptr[m[K);
[5.802s]       |           [01;36m[K~~~~~~~~~~~~~~~~~~~~~~~~^~~~~~~~[m[K
[5.802s] [01m[K/home/imamalghifary/ws_sensor_combined/src/bt_uav_controller/src/bt_uav_controller.cpp:126:28:[m[K [01;31m[Kerror: [m[Kbase operand of â€˜[01m[K->[m[Kâ€™ is not a pointer
[5.802s]   126 |     if (fabs(state_monitor_[01;31m[K->[m[KgetAltitude()) > 1.5) {
[5.802s]       |                            [01;31m[K^~[m[K
[5.827s] [01m[K/home/imamalghifary/ws_sensor_combined/src/bt_uav_controller/src/bt_uav_controller.cpp:[m[K At global scope:
[5.828s] [01m[K/home/imamalghifary/ws_sensor_combined/src/bt_uav_controller/src/bt_uav_controller.cpp:211:19:[m[K [01;31m[Kerror: [m[Kâ€˜[01m[KPX4StateMonitor[m[Kâ€™ was not declared in this scope
[5.828s]   211 |   std::shared_ptr<[01;31m[KPX4StateMonitor[m[K> state_monitor_;
[5.828s]       |                   [01;31m[K^~~~~~~~~~~~~~~[m[K
[5.829s] [01m[K/home/imamalghifary/ws_sensor_combined/src/bt_uav_controller/src/bt_uav_controller.cpp:211:34:[m[K [01;31m[Kerror: [m[Ktemplate argument 1 is invalid
[5.829s]   211 |   std::shared_ptr<PX4StateMonitor[01;31m[K>[m[K state_monitor_;
[5.831s]       |                                  [01;31m[K^[m[K
[5.850s] [01m[K/home/imamalghifary/ws_sensor_combined/src/bt_uav_controller/src/bt_uav_controller.cpp:[m[K In constructor â€˜[01m[KIsOffboardMode::IsOffboardMode(const string&, const BT::NodeConfiguration&)[m[Kâ€™:
[5.850s] [01m[K/home/imamalghifary/ws_sensor_combined/src/bt_uav_controller/src/bt_uav_controller.cpp:151:39:[m[K [01;31m[Kerror: [m[Kâ€˜[01m[KPX4StateMonitor[m[Kâ€™ was not declared in this scope
[5.850s]   151 |     state_monitor_ = std::make_shared<[01;31m[KPX4StateMonitor[m[K>();
[5.850s]       |                                       [01;31m[K^~~~~~~~~~~~~~~[m[K
[5.851s] [01m[K/home/imamalghifary/ws_sensor_combined/src/bt_uav_controller/src/bt_uav_controller.cpp:151:55:[m[K [01;31m[Kerror: [m[Kno matching function for call to â€˜[01m[Kmake_shared<<expression error> >()[m[Kâ€™
[5.851s]   151 | tate_monitor_ = [01;31m[Kstd::make_shared<PX4StateMonitor>()[m[K;
[5.851s]       |                 [01;31m[K~~~~~~~~~~~~~~~~~~~~~~~~~~~~~~~~~^~[m[K
[5.851s] 
[5.851s] In file included from [01m[K/usr/include/c++/11/memory:77[m[K,
[5.851s]                  from [01m[K/opt/ros/humble/include/rclcpp/rclcpp/rclcpp.hpp:153[m[K,
[5.852s]                  from [01m[K/home/imamalghifary/ws_sensor_combined/src/bt_uav_controller/src/bt_uav_controller.cpp:3[m[K:
[5.852s] [01m[K/usr/include/c++/11/bits/shared_ptr.h:875:5:[m[K [01;36m[Knote: [m[Kcandidate: â€˜[01m[Ktemplate<class _Tp, class ... _Args> std::shared_ptr<_Tp> std::make_shared(_Args&& ...)[m[Kâ€™
[5.852s]   875 |     [01;36m[Kmake_shared[m[K(_Args&&... __args)
[5.852s]       |     [01;36m[K^~~~~~~~~~~[m[K
[5.853s] [01m[K/usr/include/c++/11/bits/shared_ptr.h:875:5:[m[K [01;36m[Knote: [m[K  template argument deduction/substitution failed:
[5.853s] [01m[K/home/imamalghifary/ws_sensor_combined/src/bt_uav_controller/src/bt_uav_controller.cpp:151:55:[m[K [01;31m[Kerror: [m[Ktemplate argument 1 is invalid
[5.853s]   151 | tate_monitor_ = [01;31m[Kstd::make_shared<PX4StateMonitor>()[m[K;
[5.853s]       |                 [01;31m[K~~~~~~~~~~~~~~~~~~~~~~~~~~~~~~~~~^~[m[K
[5.854s] 
[5.854s] [01m[K/home/imamalghifary/ws_sensor_combined/src/bt_uav_controller/src/bt_uav_controller.cpp:[m[K In member function â€˜[01m[Kvirtual BT::NodeStatus IsOffboardMode::onRunning()[m[Kâ€™:
[5.854s] [01m[K/home/imamalghifary/ws_sensor_combined/src/bt_uav_controller/src/bt_uav_controller.cpp:165:22:[m[K [01;31m[Kerror: [m[Kno matching function for call to â€˜[01m[Kspin_some(int&)[m[Kâ€™
[5.854s]   165 |     [01;31m[Krclcpp::spin_some(state_monitor_)[m[K;
[5.854s]       |     [01;31m[K~~~~~~~~~~~~~~~~~^~~~~~~~~~~~~~~~[m[K
[5.854s] In file included from [01m[K/opt/ros/humble/include/rclcpp/rclcpp/rclcpp.hpp:155[m[K,
[5.855s]                  from [01m[K/home/imamalghifary/ws_sensor_combined/src/bt_uav_controller/src/bt_uav_controller.cpp:3[m[K:
[5.855s] [01m[K/opt/ros/humble/include/rclcpp/rclcpp/executors.hpp:35:1:[m[K [01;36m[Knote: [m[Kcandidate: â€˜[01m[Kvoid rclcpp::spin_some(rclcpp::node_interfaces::NodeBaseInterface::SharedPtr)[m[Kâ€™
[5.855s]    35 | [01;36m[Kspin_some[m[K(rclcpp::node_interfaces::NodeBaseInterface::SharedPtr node_ptr);
[5.855s]       | [01;36m[K^~~~~~~~~[m[K
[5.855s] [01m[K/opt/ros/humble/include/rclcpp/rclcpp/executors.hpp:35:65:[m[K [01;36m[Knote: [m[K  no known conversion for argument 1 from â€˜[01m[Kint[m[Kâ€™ to â€˜[01m[Krclcpp::node_interfaces::NodeBaseInterface::SharedPtr[m[Kâ€™ {aka â€˜[01m[Kstd::shared_ptr<rclcpp::node_interfaces::NodeBaseInterface>[m[Kâ€™}
[5.855s]    35 | [01;36m[K_interfaces::NodeBaseInterface::SharedPtr node_ptr[m[K);
[5.856s]       | [01;36m[K~~~~~~~~~~~~~~~~~~~~~~~~~~~~~~~~~~~~~~~~~~^~~~~~~~[m[K
[5.856s] 
[5.856s] [01m[K/opt/ros/humble/include/rclcpp/rclcpp/executors.hpp:39:1:[m[K [01;36m[Knote: [m[Kcandidate: â€˜[01m[Kvoid rclcpp::spin_some(rclcpp::Node::SharedPtr)[m[Kâ€™
[5.856s]    39 | [01;36m[Kspin_some[m[K(rclcpp::Node::SharedPtr node_ptr);
[5.856s]       | [01;36m[K^~~~~~~~~[m[K
[5.856s] [01m[K/opt/ros/humble/include/rclcpp/rclcpp/executors.hpp:39:35:[m[K [01;36m[Knote: [m[K  no known conversion for argument 1 from â€˜[01m[Kint[m[Kâ€™ to â€˜[01m[Krclcpp::Node::SharedPtr[m[Kâ€™ {aka â€˜[01m[Kstd::shared_ptr<rclcpp::Node>[m[Kâ€™}
[5.857s]    39 | spin_some([01;36m[Krclcpp::Node::SharedPtr node_ptr[m[K);
[5.857s]       |           [01;36m[K~~~~~~~~~~~~~~~~~~~~~~~~^~~~~~~~[m[K
[5.857s] [01m[K/home/imamalghifary/ws_sensor_combined/src/bt_uav_controller/src/bt_uav_controller.cpp:167:23:[m[K [01;31m[Kerror: [m[Kbase operand of â€˜[01m[K->[m[Kâ€™ is not a pointer
[5.857s]   167 |     if (state_monitor_[01;31m[K->[m[KisOffboard()) {
[5.857s]       |                       [01;31m[K^~[m[K
[6.324s] In file included from [01m[K/home/imamalghifary/ws_sensor_combined/src/bt_uav_controller/src/bt_uav_controller.cpp:4[m[K:
[6.325s] /opt/ros/humble/include/behaviortree_cpp_v3/bt_factory.h: In instantiation of â€˜[01m[Kvoid BT::BehaviorTreeFactory::registerNodeType(const string&) [with T = TakeOff; std::string = std::__cxx11::basic_string<char>][m[Kâ€™:
[6.325s] [01m[K/home/imamalghifary/ws_sensor_combined/src/bt_uav_controller/src/bt_uav_controller.cpp:309:36:[m[K   required from here
[6.326s] [01m[K/opt/ros/humble/include/behaviortree_cpp_v3/bt_factory.h:374:19:[m[K [01;31m[Kerror: [m[Kstatic assertion failed: [registerNode]: Some methods are pure virtual. Did you override the methods tick() and halt()?
[6.326s]   374 |     static_assert([01;31m[K!std::is_abstract<T>::value[m[K, "[registerNode]: Some methods are pure "
[6.326s]       |                   [01;31m[K^~~~~~~~~~~~~~~~~~~~~~~~~~~[m[K
[6.326s] [01m[K/opt/ros/humble/include/behaviortree_cpp_v3/bt_factory.h:374:19:[m[K [01;36m[Knote: [m[Kâ€˜[01m[K!(bool)std::integral_constant<bool, true>::value[m[Kâ€™ evaluates to false
[6.327s] [01m[K/opt/ros/humble/include/behaviortree_cpp_v3/bt_factory.h:385:41:[m[K [01;31m[Kerror: [m[Kstatic assertion failed: [registerNode]: the registered class must have at least one of these two constructors:   (const std::string&, const NodeConfiguration&) or (const std::string&).
[6.327s] Check also if the constructor is public!
[6.327s]   385 |     static_assert([01;31m[Kdefault_constructable || param_constructable[m[K, "[registerNode]: the "
[6.328s]       |                   [01;31m[K~~~~~~~~~~~~~~~~~~~~~~^~~~~~~~~~~~~~~~~~~~~~[m[K
[6.328s] [01m[K/opt/ros/humble/include/behaviortree_cpp_v3/bt_factory.h:385:41:[m[K [01;36m[Knote: [m[Kâ€˜[01m[K(((bool)default_constructable) || ((bool)param_constructable))[m[Kâ€™ evaluates to false
[6.328s] [01m[K/opt/ros/humble/include/behaviortree_cpp_v3/bt_factory.h:418:60:[m[K [01;31m[Kerror: [m[Kno matching function for call to â€˜[01m[KCreateBuilder<TakeOff>()[m[Kâ€™
[6.328s]   418 | rBuilder(CreateManifest<T>(ID), [01;31m[KCreateBuilder<T>()[m[K);
[6.328s]       |                                 [01;31m[K~~~~~~~~~~~~~~~~^~[m[K
[6.329s] 
[6.329s] In file included from [01m[K/home/imamalghifary/ws_sensor_combined/src/bt_uav_controller/src/bt_uav_controller.cpp:4[m[K:
[6.329s] [01m[K/opt/ros/humble/include/behaviortree_cpp_v3/bt_factory.h:43:1:[m[K [01;36m[Knote: [m[Kcandidate: â€˜[01m[Ktemplate<class T> BT::NodeBuilder BT::CreateBuilder(typename std::enable_if<(std::is_constructible<T, const std::__cxx11::basic_string<char, std::char_traits<char>, std::allocator<char> >&>::value && std::is_constructible<T, const std::__cxx11::basic_string<char, std::char_traits<char>, std::allocator<char> >&, const BT::NodeConfiguration&>::value)>::type*)[m[Kâ€™
[6.330s]    43 | [01;36m[KCreateBuilder[m[K(typename std::enable_if<has_default_constructor<T>::value &&
[6.330s]       | [01;36m[K^~~~~~~~~~~~~[m[K
[6.331s] [01m[K/opt/ros/humble/include/behaviortree_cpp_v3/bt_factory.h:43:1:[m[K [01;36m[Knote: [m[K  template argument deduction/substitution failed:
[6.331s] /opt/ros/humble/include/behaviortree_cpp_v3/bt_factory.h: In substitution of â€˜[01m[Ktemplate<class T> BT::NodeBuilder BT::CreateBuilder(typename std::enable_if<(std::is_constructible<T, const std::__cxx11::basic_string<char, std::char_traits<char>, std::allocator<char> >&>::value && std::is_constructible<T, const std::__cxx11::basic_string<char, std::char_traits<char>, std::allocator<char> >&, const BT::NodeConfiguration&>::value)>::type*) [with T = TakeOff][m[Kâ€™:
[6.331s] [01m[K/opt/ros/humble/include/behaviortree_cpp_v3/bt_factory.h:418:60:[m[K   required from â€˜[01m[Kvoid BT::BehaviorTreeFactory::registerNodeType(const string&) [with T = TakeOff; std::string = std::__cxx11::basic_string<char>][m[Kâ€™
[6.331s] [01m[K/home/imamalghifary/ws_sensor_combined/src/bt_uav_controller/src/bt_uav_controller.cpp:309:36:[m[K   required from here
[6.331s] [01m[K/opt/ros/humble/include/behaviortree_cpp_v3/bt_factory.h:43:1:[m[K [01;31m[Kerror: [m[Kno type named â€˜[01m[Ktype[m[Kâ€™ in â€˜[01m[Kstruct std::enable_if<false, void>[m[Kâ€™
[6.331s] /opt/ros/humble/include/behaviortree_cpp_v3/bt_factory.h: In instantiation of â€˜[01m[Kvoid BT::BehaviorTreeFactory::registerNodeType(const string&) [with T = TakeOff; std::string = std::__cxx11::basic_string<char>][m[Kâ€™:
[6.331s] [01m[K/home/imamalghifary/ws_sensor_combined/src/bt_uav_controller/src/bt_uav_controller.cpp:309:36:[m[K   required from here
[6.332s] [01m[K/opt/ros/humble/include/behaviortree_cpp_v3/bt_factory.h:59:1:[m[K [01;36m[Knote: [m[Kcandidate: â€˜[01m[Ktemplate<class T> BT::NodeBuilder BT::CreateBuilder(typename std::enable_if<((! std::is_constructible<T, const std::__cxx11::basic_string<char, std::char_traits<char>, std::allocator<char> >&>::value) && std::is_constructible<T, const std::__cxx11::basic_string<char, std::char_traits<char>, std::allocator<char> >&, const BT::NodeConfiguration&>::value)>::type*)[m[Kâ€™
[6.332s]    59 | [01;36m[KCreateBuilder[m[K(typename std::enable_if<!has_default_constructor<T>::value &&
[6.333s]       | [01;36m[K^~~~~~~~~~~~~[m[K
[6.333s] [01m[K/opt/ros/humble/include/behaviortree_cpp_v3/bt_factory.h:59:1:[m[K [01;36m[Knote: [m[K  template argument deduction/substitution failed:
[6.334s] /opt/ros/humble/include/behaviortree_cpp_v3/bt_factory.h: In substitution of â€˜[01m[Ktemplate<class T> BT::NodeBuilder BT::CreateBuilder(typename std::enable_if<((! std::is_constructible<T, const std::__cxx11::basic_string<char, std::char_traits<char>, std::allocator<char> >&>::value) && std::is_constructible<T, const std::__cxx11::basic_string<char, std::char_traits<char>, std::allocator<char> >&, const BT::NodeConfiguration&>::value)>::type*) [with T = TakeOff][m[Kâ€™:
[6.334s] [01m[K/opt/ros/humble/include/behaviortree_cpp_v3/bt_factory.h:418:60:[m[K   required from â€˜[01m[Kvoid BT::BehaviorTreeFactory::registerNodeType(const string&) [with T = TakeOff; std::string = std::__cxx11::basic_string<char>][m[Kâ€™
[6.334s] [01m[K/home/imamalghifary/ws_sensor_combined/src/bt_uav_controller/src/bt_uav_controller.cpp:309:36:[m[K   required from here
[6.335s] [01m[K/opt/ros/humble/include/behaviortree_cpp_v3/bt_factory.h:59:1:[m[K [01;31m[Kerror: [m[Kno type named â€˜[01m[Ktype[m[Kâ€™ in â€˜[01m[Kstruct std::enable_if<false, void>[m[Kâ€™
[6.335s] /opt/ros/humble/include/behaviortree_cpp_v3/bt_factory.h: In instantiation of â€˜[01m[Kvoid BT::BehaviorTreeFactory::registerNodeType(const string&) [with T = TakeOff; std::string = std::__cxx11::basic_string<char>][m[Kâ€™:
[6.336s] [01m[K/home/imamalghifary/ws_sensor_combined/src/bt_uav_controller/src/bt_uav_controller.cpp:309:36:[m[K   required from here
[6.339s] [01m[K/opt/ros/humble/include/behaviortree_cpp_v3/bt_factory.h:69:1:[m[K [01;36m[Knote: [m[Kcandidate: â€˜[01m[Ktemplate<class T> BT::NodeBuilder BT::CreateBuilder(typename std::enable_if<(std::is_constructible<T, const std::__cxx11::basic_string<char, std::char_traits<char>, std::allocator<char> >&>::value && (! std::is_constructible<T, const std::__cxx11::basic_string<char, std::char_traits<char>, std::allocator<char> >&, const BT::NodeConfiguration&>::value))>::type*)[m[Kâ€™
[6.342s]    69 | [01;36m[KCreateBuilder[m[K(typename std::enable_if<has_default_constructor<T>::value &&
[6.343s]       | [01;36m[K^~~~~~~~~~~~~[m[K
[6.343s] [01m[K/opt/ros/humble/include/behaviortree_cpp_v3/bt_factory.h:69:1:[m[K [01;36m[Knote: [m[K  template argument deduction/substitution failed:
[6.343s] /opt/ros/humble/include/behaviortree_cpp_v3/bt_factory.h: In substitution of â€˜[01m[Ktemplate<class T> BT::NodeBuilder BT::CreateBuilder(typename std::enable_if<(std::is_constructible<T, const std::__cxx11::basic_string<char, std::char_traits<char>, std::allocator<char> >&>::value && (! std::is_constructible<T, const std::__cxx11::basic_string<char, std::char_traits<char>, std::allocator<char> >&, const BT::NodeConfiguration&>::value))>::type*) [with T = TakeOff][m[Kâ€™:
[6.344s] [01m[K/opt/ros/humble/include/behaviortree_cpp_v3/bt_factory.h:418:60:[m[K   required from â€˜[01m[Kvoid BT::BehaviorTreeFactory::registerNodeType(const string&) [with T = TakeOff; std::string = std::__cxx11::basic_string<char>][m[Kâ€™
[6.344s] [01m[K/home/imamalghifary/ws_sensor_combined/src/bt_uav_controller/src/bt_uav_controller.cpp:309:36:[m[K   required from here
[6.344s] [01m[K/opt/ros/humble/include/behaviortree_cpp_v3/bt_factory.h:69:1:[m[K [01;31m[Kerror: [m[Kno type named â€˜[01m[Ktype[m[Kâ€™ in â€˜[01m[Kstruct std::enable_if<false, void>[m[Kâ€™
[6.344s] In file included from [01m[K/home/imamalghifary/ws_sensor_combined/src/bt_uav_controller/src/bt_uav_controller.cpp:4[m[K:
[6.344s] /opt/ros/humble/include/behaviortree_cpp_v3/bt_factory.h: In instantiation of â€˜[01m[Kvoid BT::BehaviorTreeFactory::registerNodeType(const string&) [with T = Arm; std::string = std::__cxx11::basic_string<char>][m[Kâ€™:
[6.345s] [01m[K/home/imamalghifary/ws_sensor_combined/src/bt_uav_controller/src/bt_uav_controller.cpp:310:32:[m[K   required from here
[6.345s] [01m[K/opt/ros/humble/include/behaviortree_cpp_v3/bt_factory.h:399:19:[m[K [01;31m[Kerror: [m[Kstatic assertion failed: [registerNode]: you MUST implement the static method:   PortsList providedPorts();
[6.345s] 
[6.346s]   399 |     static_assert([01;31m[K!(param_constructable && !has_static_ports_list)[m[K, "[registerNode]: you "
[6.346s]       |                   [01;31m[K^~~~~~~~~~~~~~~~~~~~~~~~~~~~~~~~~~~~~~~~~~~~~~~~[m[K
[6.346s] [01m[K/opt/ros/humble/include/behaviortree_cpp_v3/bt_factory.h:399:19:[m[K [01;36m[Knote: [m[Kâ€˜[01m[K((!(bool)param_constructable) || ((bool)has_static_ports_list))[m[Kâ€™ evaluates to false
[6.346s] /opt/ros/humble/include/behaviortree_cpp_v3/bt_factory.h: In instantiation of â€˜[01m[Kvoid BT::BehaviorTreeFactory::registerNodeType(const string&) [with T = Land; std::string = std::__cxx11::basic_string<char>][m[Kâ€™:
[6.346s] [01m[K/home/imamalghifary/ws_sensor_combined/src/bt_uav_controller/src/bt_uav_controller.cpp:312:33:[m[K   required from here
[6.346s] [01m[K/opt/ros/humble/include/behaviortree_cpp_v3/bt_factory.h:374:19:[m[K [01;31m[Kerror: [m[Kstatic assertion failed: [registerNode]: Some methods are pure virtual. Did you override the methods tick() and halt()?
[6.347s]   374 |     static_assert([01;31m[K!std::is_abstract<T>::value[m[K, "[registerNode]: Some methods are pure "
[6.347s]       |                   [01;31m[K^~~~~~~~~~~~~~~~~~~~~~~~~~~[m[K
[6.347s] [01m[K/opt/ros/humble/include/behaviortree_cpp_v3/bt_factory.h:374:19:[m[K [01;36m[Knote: [m[Kâ€˜[01m[K!(bool)std::integral_constant<bool, true>::value[m[Kâ€™ evaluates to false
[6.347s] [01m[K/opt/ros/humble/include/behaviortree_cpp_v3/bt_factory.h:385:41:[m[K [01;31m[Kerror: [m[Kstatic assertion failed: [registerNode]: the registered class must have at least one of these two constructors:   (const std::string&, const NodeConfiguration&) or (const std::string&).
[6.347s] Check also if the constructor is public!
[6.348s]   385 |     static_assert([01;31m[Kdefault_constructable || param_constructable[m[K, "[registerNode]: the "
[6.348s]       |                   [01;31m[K~~~~~~~~~~~~~~~~~~~~~~^~~~~~~~~~~~~~~~~~~~~~[m[K
[6.348s] [01m[K/opt/ros/humble/include/behaviortree_cpp_v3/bt_factory.h:385:41:[m[K [01;36m[Knote: [m[Kâ€˜[01m[K(((bool)default_constructable) || ((bool)param_constructable))[m[Kâ€™ evaluates to false
[6.348s] [01m[K/opt/ros/humble/include/behaviortree_cpp_v3/bt_factory.h:418:60:[m[K [01;31m[Kerror: [m[Kno matching function for call to â€˜[01m[KCreateBuilder<Land>()[m[Kâ€™
[6.348s]   418 | rBuilder(CreateManifest<T>(ID), [01;31m[KCreateBuilder<T>()[m[K);
[6.348s]       |                                 [01;31m[K~~~~~~~~~~~~~~~~^~[m[K
[6.349s] 
[6.349s] In file included from [01m[K/home/imamalghifary/ws_sensor_combined/src/bt_uav_controller/src/bt_uav_controller.cpp:4[m[K:
[6.349s] [01m[K/opt/ros/humble/include/behaviortree_cpp_v3/bt_factory.h:43:1:[m[K [01;36m[Knote: [m[Kcandidate: â€˜[01m[Ktemplate<class T> BT::NodeBuilder BT::CreateBuilder(typename std::enable_if<(std::is_constructible<T, const std::__cxx11::basic_string<char, std::char_traits<char>, std::allocator<char> >&>::value && std::is_constructible<T, const std::__cxx11::basic_string<char, std::char_traits<char>, std::allocator<char> >&, const BT::NodeConfiguration&>::value)>::type*)[m[Kâ€™
[6.349s]    43 | [01;36m[KCreateBuilder[m[K(typename std::enable_if<has_default_constructor<T>::value &&
[6.349s]       | [01;36m[K^~~~~~~~~~~~~[m[K
[6.350s] [01m[K/opt/ros/humble/include/behaviortree_cpp_v3/bt_factory.h:43:1:[m[K [01;36m[Knote: [m[K  template argument deduction/substitution failed:
[6.350s] /opt/ros/humble/include/behaviortree_cpp_v3/bt_factory.h: In substitution of â€˜[01m[Ktemplate<class T> BT::NodeBuilder BT::CreateBuilder(typename std::enable_if<(std::is_constructible<T, const std::__cxx11::basic_string<char, std::char_traits<char>, std::allocator<char> >&>::value && std::is_constructible<T, const std::__cxx11::basic_string<char, std::char_traits<char>, std::allocator<char> >&, const BT::NodeConfiguration&>::value)>::type*) [with T = Land][m[Kâ€™:
[6.350s] [01m[K/opt/ros/humble/include/behaviortree_cpp_v3/bt_factory.h:418:60:[m[K   required from â€˜[01m[Kvoid BT::BehaviorTreeFactory::registerNodeType(const string&) [with T = Land; std::string = std::__cxx11::basic_string<char>][m[Kâ€™
[6.350s] [01m[K/home/imamalghifary/ws_sensor_combined/src/bt_uav_controller/src/bt_uav_controller.cpp:312:33:[m[K   required from here
[6.350s] [01m[K/opt/ros/humble/include/behaviortree_cpp_v3/bt_factory.h:43:1:[m[K [01;31m[Kerror: [m[Kno type named â€˜[01m[Ktype[m[Kâ€™ in â€˜[01m[Kstruct std::enable_if<false, void>[m[Kâ€™
[6.350s] /opt/ros/humble/include/behaviortree_cpp_v3/bt_factory.h: In instantiation of â€˜[01m[Kvoid BT::BehaviorTreeFactory::registerNodeType(const string&) [with T = Land; std::string = std::__cxx11::basic_string<char>][m[Kâ€™:
[6.351s] [01m[K/home/imamalghifary/ws_sensor_combined/src/bt_uav_controller/src/bt_uav_controller.cpp:312:33:[m[K   required from here
[6.351s] [01m[K/opt/ros/humble/include/behaviortree_cpp_v3/bt_factory.h:59:1:[m[K [01;36m[Knote: [m[Kcandidate: â€˜[01m[Ktemplate<class T> BT::NodeBuilder BT::CreateBuilder(typename std::enable_if<((! std::is_constructible<T, const std::__cxx11::basic_string<char, std::char_traits<char>, std::allocator<char> >&>::value) && std::is_constructible<T, const std::__cxx11::basic_string<char, std::char_traits<char>, std::allocator<char> >&, const BT::NodeConfiguration&>::value)>::type*)[m[Kâ€™
[6.351s]    59 | [01;36m[KCreateBuilder[m[K(typename std::enable_if<!has_default_constructor<T>::value &&
[6.351s]       | [01;36m[K^~~~~~~~~~~~~[m[K
[6.351s] [01m[K/opt/ros/humble/include/behaviortree_cpp_v3/bt_factory.h:59:1:[m[K [01;36m[Knote: [m[K  template argument deduction/substitution failed:
[6.351s] /opt/ros/humble/include/behaviortree_cpp_v3/bt_factory.h: In substitution of â€˜[01m[Ktemplate<class T> BT::NodeBuilder BT::CreateBuilder(typename std::enable_if<((! std::is_constructible<T, const std::__cxx11::basic_string<char, std::char_traits<char>, std::allocator<char> >&>::value) && std::is_constructible<T, const std::__cxx11::basic_string<char, std::char_traits<char>, std::allocator<char> >&, const BT::NodeConfiguration&>::value)>::type*) [with T = Land][m[Kâ€™:
[6.352s] [01m[K/opt/ros/humble/include/behaviortree_cpp_v3/bt_factory.h:418:60:[m[K   required from â€˜[01m[Kvoid BT::BehaviorTreeFactory::registerNodeType(const string&) [with T = Land; std::string = std::__cxx11::basic_string<char>][m[Kâ€™
[6.352s] [01m[K/home/imamalghifary/ws_sensor_combined/src/bt_uav_controller/src/bt_uav_controller.cpp:312:33:[m[K   required from here
[6.352s] [01m[K/opt/ros/humble/include/behaviortree_cpp_v3/bt_factory.h:59:1:[m[K [01;31m[Kerror: [m[Kno type named â€˜[01m[Ktype[m[Kâ€™ in â€˜[01m[Kstruct std::enable_if<false, void>[m[Kâ€™
[6.352s] /opt/ros/humble/include/behaviortree_cpp_v3/bt_factory.h: In instantiation of â€˜[01m[Kvoid BT::BehaviorTreeFactory::registerNodeType(const string&) [with T = Land; std::string = std::__cxx11::basic_string<char>][m[Kâ€™:
[6.352s] [01m[K/home/imamalghifary/ws_sensor_combined/src/bt_uav_controller/src/bt_uav_controller.cpp:312:33:[m[K   required from here
[6.352s] [01m[K/opt/ros/humble/include/behaviortree_cpp_v3/bt_factory.h:69:1:[m[K [01;36m[Knote: [m[Kcandidate: â€˜[01m[Ktemplate<class T> BT::NodeBuilder BT::CreateBuilder(typename std::enable_if<(std::is_constructible<T, const std::__cxx11::basic_string<char, std::char_traits<char>, std::allocator<char> >&>::value && (! std::is_constructible<T, const std::__cxx11::basic_string<char, std::char_traits<char>, std::allocator<char> >&, const BT::NodeConfiguration&>::value))>::type*)[m[Kâ€™
[6.353s]    69 | [01;36m[KCreateBuilder[m[K(typename std::enable_if<has_default_constructor<T>::value &&
[6.353s]       | [01;36m[K^~~~~~~~~~~~~[m[K
[6.353s] [01m[K/opt/ros/humble/include/behaviortree_cpp_v3/bt_factory.h:69:1:[m[K [01;36m[Knote: [m[K  template argument deduction/substitution failed:
[6.353s] /opt/ros/humble/include/behaviortree_cpp_v3/bt_factory.h: In substitution of â€˜[01m[Ktemplate<class T> BT::NodeBuilder BT::CreateBuilder(typename std::enable_if<(std::is_constructible<T, const std::__cxx11::basic_string<char, std::char_traits<char>, std::allocator<char> >&>::value && (! std::is_constructible<T, const std::__cxx11::basic_string<char, std::char_traits<char>, std::allocator<char> >&, const BT::NodeConfiguration&>::value))>::type*) [with T = Land][m[Kâ€™:
[6.353s] [01m[K/opt/ros/humble/include/behaviortree_cpp_v3/bt_factory.h:418:60:[m[K   required from â€˜[01m[Kvoid BT::BehaviorTreeFactory::registerNodeType(const string&) [with T = Land; std::string = std::__cxx11::basic_string<char>][m[Kâ€™
[6.353s] [01m[K/home/imamalghifary/ws_sensor_combined/src/bt_uav_controller/src/bt_uav_controller.cpp:312:33:[m[K   required from here
[6.354s] [01m[K/opt/ros/humble/include/behaviortree_cpp_v3/bt_factory.h:69:1:[m[K [01;31m[Kerror: [m[Kno type named â€˜[01m[Ktype[m[Kâ€™ in â€˜[01m[Kstruct std::enable_if<false, void>[m[Kâ€™
[15.505s] gmake[2]: *** [CMakeFiles/bt_uav_controller.dir/build.make:76: CMakeFiles/bt_uav_controller.dir/src/bt_uav_controller.cpp.o] Error 1
[15.505s] gmake[1]: *** [CMakeFiles/Makefile2:137: CMakeFiles/bt_uav_controller.dir/all] Error 2
[15.505s] gmake: *** [Makefile:146: all] Error 2
[15.509s] Invoked command in '/home/imamalghifary/ws_sensor_combined/build/bt_uav_controller' returned '2': CMAKE_PREFIX_PATH=${CMAKE_PREFIX_PATH}:/home/imamalghifary/ws_sensor_combined/install/x500_navigation:/home/imamalghifary/ws_sensor_combined/install/x500_bridge:/home/imamalghifary/ws_sensor_combined/install/px4_offboard:/opt/ros/humble /usr/bin/cmake --build /home/imamalghifary/ws_sensor_combined/build/bt_uav_controller -- -j22 -l22
